<?xml version="1.0" encoding="UTF-8"?>
<!-- Generated by org.testng.reporters.JUnitReportReporter -->
<testsuite hostname="pc1106" failures="0" tests="1" name="opportunities_module.CreateOpportunityTest" time="43.260" errors="0" timestamp="2023-12-21T23:24:11 IST" skipped="0">
  <testcase classname="opportunities_module.CreateOpportunityTest" name="createOpportunityAndVerifyTest" time="43.260"/>
</testsuite> <!-- opportunities_module.CreateOpportunityTest -->
