<?xml version="1.0" encoding="UTF-8"?>
<!-- Generated by org.testng.reporters.JUnitReportReporter -->
<testsuite hostname="pc1106" failures="0" tests="1" name="organizations_module.CreateOrganizationTest" time="20.962" errors="0" timestamp="2023-12-11T14:31:42 IST" skipped="0">
  <testcase classname="organizations_module.CreateOrganizationTest" name="createOrganizationAndVerifyInformationTest" time="20.962"/>
</testsuite> <!-- organizations_module.CreateOrganizationTest -->
