<?xml version="1.0" encoding="UTF-8"?>
<!-- Generated by org.testng.reporters.JUnitReportReporter -->
<testsuite hostname="pc1106" failures="0" tests="1" name="campaigns_module.CreateCampaignTest" time="20.069" errors="0" timestamp="2023-12-11T20:49:21 IST" skipped="0">
  <testcase classname="campaigns_module.CreateCampaignTest" name="createNewCampaignAndVerifyTest" time="20.069"/>
</testsuite> <!-- campaigns_module.CreateCampaignTest -->
