<?xml version="1.0" encoding="UTF-8"?>
<!-- Generated by org.testng.reporters.JUnitReportReporter -->
<testsuite hostname="pc1106" failures="0" tests="1" name="leads_module.CreateLeadTest" time="23.809" errors="0" timestamp="2023-12-03T23:41:15 IST" skipped="0">
  <testcase classname="leads_module.CreateLeadTest" name="createLeadAndVerifyInformationTest" time="23.809"/>
</testsuite> <!-- leads_module.CreateLeadTest -->
